{"C:\\Users\\ivand\\Desktop\\Weekend Challenge\\202301-W7CH5-back-ivan-duran\\src\\controllers\\members.controller.ts": {"path":"C:\\Users\\ivand\\Desktop\\Weekend Challenge\\202301-W7CH5-back-ivan-duran\\src\\controllers\\members.controller.ts","statementMap":{"0":{"start":{"line":1,"column":0},"end":{"line":1,"column":32}},"1":{"start":{"line":4,"column":0},"end":{"line":4,"column":52}},"2":{"start":{"line":7,"column":0},"end":{"line":7,"column":57}},"3":{"start":{"line":8,"column":0},"end":{"line":8,"column":29}},"4":{"start":{"line":10,"column":14},"end":{"line":10,"column":50}},"5":{"start":{"line":14,"column":21},"end":{"line":14,"column":39}},"6":{"start":{"line":15,"column":4},"end":{"line":15,"column":48}},"7":{"start":{"line":19,"column":4},"end":{"line":24,"column":null}},"8":{"start":{"line":20,"column":22},"end":{"line":20,"column":45}},"9":{"start":{"line":21,"column":6},"end":{"line":21,"column":37}},"10":{"start":{"line":23,"column":6},"end":{"line":23,"column":18}},"11":{"start":{"line":32,"column":4},"end":{"line":46,"column":null}},"12":{"start":{"line":33,"column":6},"end":{"line":33,"column":30}},"13":{"start":{"line":35,"column":6},"end":{"line":36,"column":77}},"14":{"start":{"line":36,"column":8},"end":{"line":36,"column":77}},"15":{"start":{"line":37,"column":6},"end":{"line":37,"column":61}},"16":{"start":{"line":38,"column":24},"end":{"line":38,"column":56}},"17":{"start":{"line":39,"column":6},"end":{"line":39,"column":28}},"18":{"start":{"line":40,"column":6},"end":{"line":40,"column":28}},"19":{"start":{"line":41,"column":6},"end":{"line":41,"column":22}},"20":{"start":{"line":42,"column":6},"end":{"line":42,"column":41}},"21":{"start":{"line":44,"column":6},"end":{"line":44,"column":33}},"22":{"start":{"line":45,"column":6},"end":{"line":45,"column":18}},"23":{"start":{"line":50,"column":4},"end":{"line":71,"column":null}},"24":{"start":{"line":51,"column":6},"end":{"line":51,"column":29}},"25":{"start":{"line":52,"column":34},"end":{"line":52,"column":42}},"26":{"start":{"line":53,"column":6},"end":{"line":54,"column":78}},"27":{"start":{"line":54,"column":8},"end":{"line":54,"column":78}},"28":{"start":{"line":55,"column":21},"end":{"line":55,"column":77}},"29":{"start":{"line":56,"column":6},"end":{"line":57,"column":78}},"30":{"start":{"line":57,"column":8},"end":{"line":57,"column":78}},"31":{"start":{"line":58,"column":6},"end":{"line":59,"column":71}},"32":{"start":{"line":59,"column":8},"end":{"line":59,"column":71}},"33":{"start":{"line":60,"column":41},"end":{"line":64,"column":8}},"34":{"start":{"line":65,"column":20},"end":{"line":65,"column":50}},"35":{"start":{"line":66,"column":6},"end":{"line":66,"column":36}},"36":{"start":{"line":67,"column":6},"end":{"line":67,"column":41}},"37":{"start":{"line":69,"column":6},"end":{"line":69,"column":30}},"38":{"start":{"line":70,"column":6},"end":{"line":70,"column":18}},"39":{"start":{"line":75,"column":4},"end":{"line":99,"column":null}},"40":{"start":{"line":76,"column":6},"end":{"line":76,"column":32}},"41":{"start":{"line":77,"column":6},"end":{"line":78,"column":69}},"42":{"start":{"line":78,"column":8},"end":{"line":78,"column":69}},"43":{"start":{"line":81,"column":27},"end":{"line":81,"column":68}},"44":{"start":{"line":83,"column":26},"end":{"line":83,"column":64}},"45":{"start":{"line":85,"column":6},"end":{"line":85,"column":45}},"46":{"start":{"line":86,"column":6},"end":{"line":86,"column":45}},"47":{"start":{"line":88,"column":28},"end":{"line":88,"column":64}},"48":{"start":{"line":90,"column":6},"end":{"line":90,"column":42}},"49":{"start":{"line":91,"column":6},"end":{"line":91,"column":39}},"50":{"start":{"line":92,"column":6},"end":{"line":95,"column":8}},"51":{"start":{"line":96,"column":6},"end":{"line":96,"column":45}},"52":{"start":{"line":98,"column":6},"end":{"line":98,"column":18}},"53":{"start":{"line":103,"column":4},"end":{"line":123,"column":null}},"54":{"start":{"line":104,"column":6},"end":{"line":104,"column":31}},"55":{"start":{"line":106,"column":6},"end":{"line":107,"column":69}},"56":{"start":{"line":107,"column":8},"end":{"line":107,"column":69}},"57":{"start":{"line":109,"column":27},"end":{"line":109,"column":68}},"58":{"start":{"line":110,"column":26},"end":{"line":110,"column":64}},"59":{"start":{"line":111,"column":6},"end":{"line":111,"column":45}},"60":{"start":{"line":112,"column":6},"end":{"line":112,"column":45}},"61":{"start":{"line":113,"column":28},"end":{"line":113,"column":64}},"62":{"start":{"line":114,"column":6},"end":{"line":114,"column":36}},"63":{"start":{"line":115,"column":6},"end":{"line":115,"column":33}},"64":{"start":{"line":116,"column":6},"end":{"line":119,"column":8}},"65":{"start":{"line":120,"column":6},"end":{"line":120,"column":45}},"66":{"start":{"line":122,"column":6},"end":{"line":122,"column":18}},"67":{"start":{"line":127,"column":4},"end":{"line":151,"column":null}},"68":{"start":{"line":128,"column":6},"end":{"line":128,"column":34}},"69":{"start":{"line":130,"column":6},"end":{"line":131,"column":69}},"70":{"start":{"line":131,"column":8},"end":{"line":131,"column":69}},"71":{"start":{"line":133,"column":27},"end":{"line":133,"column":68}},"72":{"start":{"line":134,"column":29},"end":{"line":134,"column":67}},"73":{"start":{"line":135,"column":6},"end":{"line":137,"column":8}},"74":{"start":{"line":136,"column":18},"end":{"line":136,"column":47}},"75":{"start":{"line":138,"column":6},"end":{"line":140,"column":8}},"76":{"start":{"line":139,"column":18},"end":{"line":139,"column":45}},"77":{"start":{"line":141,"column":28},"end":{"line":141,"column":64}},"78":{"start":{"line":142,"column":6},"end":{"line":142,"column":39}},"79":{"start":{"line":143,"column":6},"end":{"line":143,"column":33}},"80":{"start":{"line":144,"column":6},"end":{"line":147,"column":8}},"81":{"start":{"line":148,"column":6},"end":{"line":148,"column":45}},"82":{"start":{"line":150,"column":6},"end":{"line":150,"column":18}},"83":{"start":{"line":155,"column":4},"end":{"line":180,"column":null}},"84":{"start":{"line":156,"column":6},"end":{"line":156,"column":33}},"85":{"start":{"line":158,"column":6},"end":{"line":159,"column":69}},"86":{"start":{"line":159,"column":8},"end":{"line":159,"column":69}},"87":{"start":{"line":160,"column":29},"end":{"line":160,"column":43}},"88":{"start":{"line":161,"column":28},"end":{"line":161,"column":39}},"89":{"start":{"line":162,"column":27},"end":{"line":162,"column":68}},"90":{"start":{"line":163,"column":29},"end":{"line":163,"column":69}},"91":{"start":{"line":164,"column":6},"end":{"line":166,"column":8}},"92":{"start":{"line":165,"column":18},"end":{"line":165,"column":47}},"93":{"start":{"line":167,"column":6},"end":{"line":169,"column":8}},"94":{"start":{"line":168,"column":18},"end":{"line":168,"column":45}},"95":{"start":{"line":170,"column":28},"end":{"line":170,"column":64}},"96":{"start":{"line":171,"column":6},"end":{"line":171,"column":39}},"97":{"start":{"line":172,"column":6},"end":{"line":172,"column":41}},"98":{"start":{"line":173,"column":6},"end":{"line":176,"column":8}},"99":{"start":{"line":177,"column":6},"end":{"line":177,"column":45}},"100":{"start":{"line":179,"column":6},"end":{"line":179,"column":18}},"101":{"start":{"line":184,"column":4},"end":{"line":195,"column":null}},"102":{"start":{"line":185,"column":6},"end":{"line":185,"column":35}},"103":{"start":{"line":186,"column":6},"end":{"line":187,"column":69}},"104":{"start":{"line":187,"column":8},"end":{"line":187,"column":69}},"105":{"start":{"line":188,"column":21},"end":{"line":188,"column":61}},"106":{"start":{"line":189,"column":6},"end":{"line":189,"column":30}},"107":{"start":{"line":190,"column":28},"end":{"line":190,"column":60}},"108":{"start":{"line":191,"column":6},"end":{"line":191,"column":32}},"109":{"start":{"line":192,"column":6},"end":{"line":192,"column":45}},"110":{"start":{"line":194,"column":6},"end":{"line":194,"column":18}},"111":{"start":{"line":199,"column":4},"end":{"line":207,"column":null}},"112":{"start":{"line":200,"column":6},"end":{"line":200,"column":34}},"113":{"start":{"line":201,"column":6},"end":{"line":202,"column":69}},"114":{"start":{"line":202,"column":8},"end":{"line":202,"column":69}},"115":{"start":{"line":203,"column":6},"end":{"line":203,"column":43}},"116":{"start":{"line":204,"column":6},"end":{"line":204,"column":34}},"117":{"start":{"line":206,"column":6},"end":{"line":206,"column":18}},"118":{"start":{"line":12,"column":0},"end":{"line":12,"column":13}}},"fnMap":{"0":{"name":"(anonymous_1)","decl":{"start":{"line":14,"column":2},"end":{"line":14,"column":21}},"loc":{"start":{"line":14,"column":39},"end":{"line":16,"column":3}}},"1":{"name":"(anonymous_2)","decl":{"start":{"line":18,"column":2},"end":{"line":18,"column":7}},"loc":{"start":{"line":18,"column":62},"end":{"line":25,"column":3}}},"2":{"name":"(anonymous_3)","decl":{"start":{"line":31,"column":2},"end":{"line":31,"column":7}},"loc":{"start":{"line":31,"column":64},"end":{"line":47,"column":3}}},"3":{"name":"(anonymous_4)","decl":{"start":{"line":49,"column":2},"end":{"line":49,"column":7}},"loc":{"start":{"line":49,"column":61},"end":{"line":72,"column":3}}},"4":{"name":"(anonymous_5)","decl":{"start":{"line":74,"column":2},"end":{"line":74,"column":7}},"loc":{"start":{"line":74,"column":71},"end":{"line":100,"column":3}}},"5":{"name":"(anonymous_6)","decl":{"start":{"line":102,"column":2},"end":{"line":102,"column":7}},"loc":{"start":{"line":102,"column":70},"end":{"line":124,"column":3}}},"6":{"name":"(anonymous_7)","decl":{"start":{"line":126,"column":2},"end":{"line":126,"column":7}},"loc":{"start":{"line":126,"column":74},"end":{"line":152,"column":3}}},"7":{"name":"(anonymous_8)","decl":{"start":{"line":136,"column":8},"end":{"line":136,"column":9}},"loc":{"start":{"line":136,"column":18},"end":{"line":136,"column":47}}},"8":{"name":"(anonymous_9)","decl":{"start":{"line":139,"column":8},"end":{"line":139,"column":9}},"loc":{"start":{"line":139,"column":18},"end":{"line":139,"column":45}}},"9":{"name":"(anonymous_10)","decl":{"start":{"line":154,"column":2},"end":{"line":154,"column":7}},"loc":{"start":{"line":154,"column":73},"end":{"line":181,"column":3}}},"10":{"name":"(anonymous_11)","decl":{"start":{"line":165,"column":8},"end":{"line":165,"column":9}},"loc":{"start":{"line":165,"column":18},"end":{"line":165,"column":47}}},"11":{"name":"(anonymous_12)","decl":{"start":{"line":168,"column":8},"end":{"line":168,"column":9}},"loc":{"start":{"line":168,"column":18},"end":{"line":168,"column":45}}},"12":{"name":"(anonymous_13)","decl":{"start":{"line":183,"column":2},"end":{"line":183,"column":7}},"loc":{"start":{"line":183,"column":73},"end":{"line":196,"column":3}}},"13":{"name":"(anonymous_14)","decl":{"start":{"line":198,"column":2},"end":{"line":198,"column":7}},"loc":{"start":{"line":198,"column":74},"end":{"line":208,"column":3}}}},"branchMap":{"0":{"loc":{"start":{"line":35,"column":6},"end":{"line":36,"column":77}},"type":"if","locations":[{"start":{"line":35,"column":6},"end":{"line":36,"column":77}}]},"1":{"loc":{"start":{"line":35,"column":10},"end":{"line":35,"column":47}},"type":"binary-expr","locations":[{"start":{"line":35,"column":10},"end":{"line":35,"column":25}},{"start":{"line":35,"column":29},"end":{"line":35,"column":47}}]},"2":{"loc":{"start":{"line":53,"column":6},"end":{"line":54,"column":78}},"type":"if","locations":[{"start":{"line":53,"column":6},"end":{"line":54,"column":78}}]},"3":{"loc":{"start":{"line":53,"column":10},"end":{"line":53,"column":29}},"type":"binary-expr","locations":[{"start":{"line":53,"column":10},"end":{"line":53,"column":16}},{"start":{"line":53,"column":20},"end":{"line":53,"column":29}}]},"4":{"loc":{"start":{"line":56,"column":6},"end":{"line":57,"column":78}},"type":"if","locations":[{"start":{"line":56,"column":6},"end":{"line":57,"column":78}}]},"5":{"loc":{"start":{"line":58,"column":6},"end":{"line":59,"column":71}},"type":"if","locations":[{"start":{"line":58,"column":6},"end":{"line":59,"column":71}}]},"6":{"loc":{"start":{"line":77,"column":6},"end":{"line":78,"column":69}},"type":"if","locations":[{"start":{"line":77,"column":6},"end":{"line":78,"column":69}}]},"7":{"loc":{"start":{"line":77,"column":10},"end":{"line":77,"column":41}},"type":"binary-expr","locations":[{"start":{"line":77,"column":10},"end":{"line":77,"column":25}},{"start":{"line":77,"column":29},"end":{"line":77,"column":41}}]},"8":{"loc":{"start":{"line":106,"column":6},"end":{"line":107,"column":69}},"type":"if","locations":[{"start":{"line":106,"column":6},"end":{"line":107,"column":69}}]},"9":{"loc":{"start":{"line":106,"column":10},"end":{"line":106,"column":41}},"type":"binary-expr","locations":[{"start":{"line":106,"column":10},"end":{"line":106,"column":25}},{"start":{"line":106,"column":29},"end":{"line":106,"column":41}}]},"10":{"loc":{"start":{"line":130,"column":6},"end":{"line":131,"column":69}},"type":"if","locations":[{"start":{"line":130,"column":6},"end":{"line":131,"column":69}}]},"11":{"loc":{"start":{"line":130,"column":10},"end":{"line":130,"column":41}},"type":"binary-expr","locations":[{"start":{"line":130,"column":10},"end":{"line":130,"column":25}},{"start":{"line":130,"column":29},"end":{"line":130,"column":41}}]},"12":{"loc":{"start":{"line":158,"column":6},"end":{"line":159,"column":69}},"type":"if","locations":[{"start":{"line":158,"column":6},"end":{"line":159,"column":69}}]},"13":{"loc":{"start":{"line":158,"column":10},"end":{"line":158,"column":41}},"type":"binary-expr","locations":[{"start":{"line":158,"column":10},"end":{"line":158,"column":25}},{"start":{"line":158,"column":29},"end":{"line":158,"column":41}}]},"14":{"loc":{"start":{"line":186,"column":6},"end":{"line":187,"column":69}},"type":"if","locations":[{"start":{"line":186,"column":6},"end":{"line":187,"column":69}}]},"15":{"loc":{"start":{"line":201,"column":6},"end":{"line":202,"column":69}},"type":"if","locations":[{"start":{"line":201,"column":6},"end":{"line":202,"column":69}}]}},"s":{"0":1,"1":1,"2":1,"3":1,"4":1,"5":1,"6":1,"7":2,"8":2,"9":1,"10":1,"11":4,"12":4,"13":4,"14":3,"15":1,"16":1,"17":1,"18":1,"19":1,"20":1,"21":3,"22":3,"23":5,"24":5,"25":5,"26":5,"27":2,"28":3,"29":3,"30":1,"31":2,"32":1,"33":1,"34":1,"35":1,"36":1,"37":4,"38":4,"39":4,"40":4,"41":4,"42":2,"43":2,"44":2,"45":2,"46":1,"47":1,"48":1,"49":1,"50":1,"51":1,"52":3,"53":4,"54":4,"55":4,"56":2,"57":2,"58":2,"59":2,"60":1,"61":1,"62":1,"63":1,"64":1,"65":1,"66":3,"67":4,"68":4,"69":4,"70":2,"71":2,"72":2,"73":2,"74":2,"75":1,"76":2,"77":1,"78":1,"79":1,"80":1,"81":1,"82":3,"83":4,"84":4,"85":4,"86":2,"87":2,"88":2,"89":2,"90":2,"91":2,"92":1,"93":1,"94":1,"95":1,"96":1,"97":1,"98":1,"99":1,"100":3,"101":3,"102":3,"103":3,"104":1,"105":2,"106":2,"107":1,"108":1,"109":1,"110":2,"111":2,"112":2,"113":2,"114":1,"115":1,"116":1,"117":1,"118":1},"f":{"0":1,"1":2,"2":4,"3":5,"4":4,"5":4,"6":4,"7":2,"8":2,"9":4,"10":1,"11":1,"12":3,"13":2},"b":{"0":[3],"1":[4,3],"2":[2],"3":[5,4],"4":[1],"5":[1],"6":[2],"7":[4,3],"8":[2],"9":[4,3],"10":[2],"11":[4,3],"12":[2],"13":[4,3],"14":[1],"15":[1]}}
,"C:\\Users\\ivand\\Desktop\\Weekend Challenge\\202301-W7CH5-back-ivan-duran\\src\\db\\db.connect.ts": {"path":"C:\\Users\\ivand\\Desktop\\Weekend Challenge\\202301-W7CH5-back-ivan-duran\\src\\db\\db.connect.ts","statementMap":{"0":{"start":{"line":1,"column":0},"end":{"line":1,"column":32}},"1":{"start":{"line":2,"column":0},"end":{"line":2,"column":38}},"2":{"start":{"line":4,"column":48},"end":{"line":4,"column":54}},"3":{"start":{"line":6,"column":25},"end":{"line":9,"column":1}},"4":{"start":{"line":7,"column":14},"end":{"line":7,"column":102}},"5":{"start":{"line":8,"column":2},"end":{"line":8,"column":31}},"6":{"start":{"line":6,"column":13},"end":{"line":6,"column":25}}},"fnMap":{"0":{"name":"(anonymous_1)","decl":{"start":{"line":6,"column":25},"end":{"line":6,"column":28}},"loc":{"start":{"line":6,"column":30},"end":{"line":9,"column":1}}}},"branchMap":{},"s":{"0":0,"1":0,"2":0,"3":0,"4":0,"5":0,"6":0},"f":{"0":0},"b":{}}
,"C:\\Users\\ivand\\Desktop\\Weekend Challenge\\202301-W7CH5-back-ivan-duran\\src\\errors\\http.error.ts": {"path":"C:\\Users\\ivand\\Desktop\\Weekend Challenge\\202301-W7CH5-back-ivan-duran\\src\\errors\\http.error.ts","statementMap":{"0":{"start":{"line":13,"column":4},"end":{"line":13,"column":28}},"1":{"start":{"line":8,"column":11},"end":{"line":8,"column":23}},"2":{"start":{"line":9,"column":11},"end":{"line":9,"column":25}},"3":{"start":{"line":10,"column":11},"end":{"line":10,"column":26}},"4":{"start":{"line":11,"column":11},"end":{"line":11,"column":33}},"5":{"start":{"line":14,"column":4},"end":{"line":14,"column":29}},"6":{"start":{"line":15,"column":4},"end":{"line":15,"column":21}},"7":{"start":{"line":16,"column":4},"end":{"line":16,"column":25}},"8":{"start":{"line":6,"column":0},"end":{"line":6,"column":13}}},"fnMap":{"0":{"name":"(anonymous_0)","decl":{"start":{"line":7,"column":2},"end":{"line":7,"column":null}},"loc":{"start":{"line":11,"column":33},"end":{"line":17,"column":3}}}},"branchMap":{},"s":{"0":17,"1":17,"2":17,"3":17,"4":17,"5":17,"6":17,"7":17,"8":2},"f":{"0":17},"b":{}}
,"C:\\Users\\ivand\\Desktop\\Weekend Challenge\\202301-W7CH5-back-ivan-duran\\src\\interceptors\\interceptors.ts": {"path":"C:\\Users\\ivand\\Desktop\\Weekend Challenge\\202301-W7CH5-back-ivan-duran\\src\\interceptors\\interceptors.ts","statementMap":{"0":{"start":{"line":2,"column":0},"end":{"line":2,"column":57}},"1":{"start":{"line":3,"column":0},"end":{"line":3,"column":35}},"2":{"start":{"line":4,"column":0},"end":{"line":4,"column":52}},"3":{"start":{"line":6,"column":14},"end":{"line":6,"column":48}},"4":{"start":{"line":14,"column":4},"end":{"line":38,"column":null}},"5":{"start":{"line":15,"column":6},"end":{"line":15,"column":26}},"6":{"start":{"line":17,"column":25},"end":{"line":17,"column":49}},"7":{"start":{"line":18,"column":6},"end":{"line":23,"column":10}},"8":{"start":{"line":19,"column":8},"end":{"line":23,"column":10}},"9":{"start":{"line":25,"column":6},"end":{"line":30,"column":10}},"10":{"start":{"line":26,"column":8},"end":{"line":30,"column":10}},"11":{"start":{"line":32,"column":20},"end":{"line":32,"column":39}},"12":{"start":{"line":33,"column":27},"end":{"line":33,"column":51}},"13":{"start":{"line":34,"column":6},"end":{"line":34,"column":32}},"14":{"start":{"line":35,"column":6},"end":{"line":35,"column":13}},"15":{"start":{"line":37,"column":6},"end":{"line":37,"column":18}},"16":{"start":{"line":46,"column":4},"end":{"line":58,"column":null}},"17":{"start":{"line":47,"column":6},"end":{"line":48,"column":80}},"18":{"start":{"line":48,"column":8},"end":{"line":48,"column":80}},"19":{"start":{"line":50,"column":6},"end":{"line":50,"column":52}},"20":{"start":{"line":50,"column":24},"end":{"line":50,"column":52}},"21":{"start":{"line":52,"column":6},"end":{"line":53,"column":71}},"22":{"start":{"line":53,"column":8},"end":{"line":53,"column":71}},"23":{"start":{"line":54,"column":6},"end":{"line":54,"column":27}},"24":{"start":{"line":55,"column":6},"end":{"line":55,"column":13}},"25":{"start":{"line":57,"column":6},"end":{"line":57,"column":18}},"26":{"start":{"line":12,"column":0},"end":{"line":12,"column":22}}},"fnMap":{"0":{"name":"(anonymous_1)","decl":{"start":{"line":13,"column":2},"end":{"line":13,"column":8}},"loc":{"start":{"line":13,"column":69},"end":{"line":39,"column":3}}},"1":{"name":"(anonymous_2)","decl":{"start":{"line":41,"column":2},"end":{"line":41,"column":8}},"loc":{"start":{"line":44,"column":22},"end":{"line":59,"column":3}}}},"branchMap":{"0":{"loc":{"start":{"line":18,"column":6},"end":{"line":23,"column":10}},"type":"if","locations":[{"start":{"line":18,"column":6},"end":{"line":23,"column":10}}]},"1":{"loc":{"start":{"line":25,"column":6},"end":{"line":30,"column":10}},"type":"if","locations":[{"start":{"line":25,"column":6},"end":{"line":30,"column":10}}]},"2":{"loc":{"start":{"line":47,"column":6},"end":{"line":48,"column":80}},"type":"if","locations":[{"start":{"line":47,"column":6},"end":{"line":48,"column":80}}]},"3":{"loc":{"start":{"line":50,"column":6},"end":{"line":50,"column":52}},"type":"if","locations":[{"start":{"line":50,"column":6},"end":{"line":50,"column":52}}]},"4":{"loc":{"start":{"line":52,"column":6},"end":{"line":53,"column":71}},"type":"if","locations":[{"start":{"line":52,"column":6},"end":{"line":53,"column":71}}]}},"s":{"0":0,"1":0,"2":0,"3":0,"4":0,"5":0,"6":0,"7":0,"8":0,"9":0,"10":0,"11":0,"12":0,"13":0,"14":0,"15":0,"16":0,"17":0,"18":0,"19":0,"20":0,"21":0,"22":0,"23":0,"24":0,"25":0,"26":0},"f":{"0":0,"1":0},"b":{"0":[0],"1":[0],"2":[0],"3":[0],"4":[0]}}
,"C:\\Users\\ivand\\Desktop\\Weekend Challenge\\202301-W7CH5-back-ivan-duran\\src\\repository\\members.mongo.repo.ts": {"path":"C:\\Users\\ivand\\Desktop\\Weekend Challenge\\202301-W7CH5-back-ivan-duran\\src\\repository\\members.mongo.repo.ts","statementMap":{"0":{"start":{"line":3,"column":0},"end":{"line":3,"column":35}},"1":{"start":{"line":4,"column":0},"end":{"line":4,"column":55}},"2":{"start":{"line":5,"column":0},"end":{"line":5,"column":52}},"3":{"start":{"line":7,"column":14},"end":{"line":7,"column":46}},"4":{"start":{"line":13,"column":4},"end":{"line":13,"column":41}},"5":{"start":{"line":17,"column":4},"end":{"line":18,"column":55}},"6":{"start":{"line":18,"column":6},"end":{"line":18,"column":55}},"7":{"start":{"line":19,"column":4},"end":{"line":19,"column":36}},"8":{"start":{"line":23,"column":20},"end":{"line":29,"column":13}},"9":{"start":{"line":30,"column":4},"end":{"line":30,"column":37}},"10":{"start":{"line":31,"column":4},"end":{"line":31,"column":19}},"11":{"start":{"line":35,"column":20},"end":{"line":38,"column":13}},"12":{"start":{"line":39,"column":4},"end":{"line":39,"column":46}},"13":{"start":{"line":41,"column":4},"end":{"line":41,"column":19}},"14":{"start":{"line":45,"column":19},"end":{"line":51,"column":13}},"15":{"start":{"line":52,"column":4},"end":{"line":53,"column":71}},"16":{"start":{"line":53,"column":6},"end":{"line":53,"column":71}},"17":{"start":{"line":55,"column":4},"end":{"line":55,"column":27}},"18":{"start":{"line":56,"column":4},"end":{"line":56,"column":18}},"19":{"start":{"line":60,"column":19},"end":{"line":63,"column":13}},"20":{"start":{"line":64,"column":4},"end":{"line":65,"column":71}},"21":{"start":{"line":65,"column":6},"end":{"line":65,"column":71}},"22":{"start":{"line":67,"column":4},"end":{"line":67,"column":36}},"23":{"start":{"line":68,"column":4},"end":{"line":68,"column":18}},"24":{"start":{"line":72,"column":23},"end":{"line":72,"column":72}},"25":{"start":{"line":72,"column":44},"end":{"line":72,"column":70}},"26":{"start":{"line":73,"column":20},"end":{"line":73,"column":75}},"27":{"start":{"line":73,"column":54},"end":{"line":73,"column":73}},"28":{"start":{"line":74,"column":20},"end":{"line":80,"column":13}},"29":{"start":{"line":82,"column":4},"end":{"line":82,"column":34}},"30":{"start":{"line":83,"column":4},"end":{"line":83,"column":19}},"31":{"start":{"line":87,"column":22},"end":{"line":87,"column":54}},"32":{"start":{"line":89,"column":4},"end":{"line":89,"column":32}},"33":{"start":{"line":90,"column":4},"end":{"line":90,"column":21}},"34":{"start":{"line":94,"column":26},"end":{"line":98,"column":12}},"35":{"start":{"line":99,"column":4},"end":{"line":104,"column":8}},"36":{"start":{"line":100,"column":6},"end":{"line":104,"column":8}},"37":{"start":{"line":106,"column":4},"end":{"line":106,"column":36}},"38":{"start":{"line":107,"column":4},"end":{"line":107,"column":25}},"39":{"start":{"line":111,"column":25},"end":{"line":111,"column":71}},"40":{"start":{"line":112,"column":4},"end":{"line":117,"column":8}},"41":{"start":{"line":113,"column":6},"end":{"line":117,"column":8}},"42":{"start":{"line":9,"column":0},"end":{"line":9,"column":13}}},"fnMap":{"0":{"name":"(anonymous_1)","decl":{"start":{"line":12,"column":2},"end":{"line":12,"column":null}},"loc":{"start":{"line":12,"column":2},"end":{"line":14,"column":3}}},"1":{"name":"(anonymous_2)","decl":{"start":{"line":16,"column":2},"end":{"line":16,"column":8}},"loc":{"start":{"line":16,"column":20},"end":{"line":20,"column":3}}},"2":{"name":"(anonymous_3)","decl":{"start":{"line":22,"column":2},"end":{"line":22,"column":7}},"loc":{"start":{"line":22,"column":13},"end":{"line":32,"column":3}}},"3":{"name":"(anonymous_4)","decl":{"start":{"line":34,"column":2},"end":{"line":34,"column":7}},"loc":{"start":{"line":34,"column":21},"end":{"line":42,"column":3}}},"4":{"name":"(anonymous_5)","decl":{"start":{"line":44,"column":2},"end":{"line":44,"column":7}},"loc":{"start":{"line":44,"column":28},"end":{"line":57,"column":3}}},"5":{"name":"(anonymous_6)","decl":{"start":{"line":59,"column":2},"end":{"line":59,"column":7}},"loc":{"start":{"line":59,"column":36},"end":{"line":69,"column":3}}},"6":{"name":"(anonymous_7)","decl":{"start":{"line":71,"column":2},"end":{"line":71,"column":7}},"loc":{"start":{"line":71,"column":55},"end":{"line":84,"column":3}}},"7":{"name":"(anonymous_8)","decl":{"start":{"line":72,"column":33},"end":{"line":72,"column":34}},"loc":{"start":{"line":72,"column":44},"end":{"line":72,"column":70}}},"8":{"name":"(anonymous_9)","decl":{"start":{"line":73,"column":38},"end":{"line":73,"column":39}},"loc":{"start":{"line":73,"column":54},"end":{"line":73,"column":73}}},"9":{"name":"(anonymous_10)","decl":{"start":{"line":86,"column":2},"end":{"line":86,"column":7}},"loc":{"start":{"line":86,"column":38},"end":{"line":91,"column":3}}},"10":{"name":"(anonymous_11)","decl":{"start":{"line":93,"column":2},"end":{"line":93,"column":7}},"loc":{"start":{"line":93,"column":38},"end":{"line":108,"column":3}}},"11":{"name":"(anonymous_12)","decl":{"start":{"line":110,"column":2},"end":{"line":110,"column":7}},"loc":{"start":{"line":110,"column":24},"end":{"line":118,"column":3}}}},"branchMap":{"0":{"loc":{"start":{"line":17,"column":4},"end":{"line":18,"column":55}},"type":"if","locations":[{"start":{"line":17,"column":4},"end":{"line":18,"column":55}}]},"1":{"loc":{"start":{"line":52,"column":4},"end":{"line":53,"column":71}},"type":"if","locations":[{"start":{"line":52,"column":4},"end":{"line":53,"column":71}}]},"2":{"loc":{"start":{"line":64,"column":4},"end":{"line":65,"column":71}},"type":"if","locations":[{"start":{"line":64,"column":4},"end":{"line":65,"column":71}}]},"3":{"loc":{"start":{"line":99,"column":4},"end":{"line":104,"column":8}},"type":"if","locations":[{"start":{"line":99,"column":4},"end":{"line":104,"column":8}}]},"4":{"loc":{"start":{"line":112,"column":4},"end":{"line":117,"column":8}},"type":"if","locations":[{"start":{"line":112,"column":4},"end":{"line":117,"column":8}}]}},"s":{"0":0,"1":0,"2":0,"3":0,"4":0,"5":0,"6":0,"7":0,"8":0,"9":0,"10":0,"11":0,"12":0,"13":0,"14":0,"15":0,"16":0,"17":0,"18":0,"19":0,"20":0,"21":0,"22":0,"23":0,"24":0,"25":0,"26":0,"27":0,"28":0,"29":0,"30":0,"31":0,"32":0,"33":0,"34":0,"35":0,"36":0,"37":0,"38":0,"39":0,"40":0,"41":0,"42":0},"f":{"0":0,"1":0,"2":0,"3":0,"4":0,"5":0,"6":0,"7":0,"8":0,"9":0,"10":0,"11":0},"b":{"0":[0],"1":[0],"2":[0],"3":[0],"4":[0]}}
,"C:\\Users\\ivand\\Desktop\\Weekend Challenge\\202301-W7CH5-back-ivan-duran\\src\\services\\auth.ts": {"path":"C:\\Users\\ivand\\Desktop\\Weekend Challenge\\202301-W7CH5-back-ivan-duran\\src\\services\\auth.ts","statementMap":{"0":{"start":{"line":1,"column":0},"end":{"line":1,"column":31}},"1":{"start":{"line":2,"column":0},"end":{"line":2,"column":38}},"2":{"start":{"line":3,"column":0},"end":{"line":3,"column":52}},"3":{"start":{"line":4,"column":0},"end":{"line":4,"column":30}},"4":{"start":{"line":6,"column":13},"end":{"line":6,"column":15}},"5":{"start":{"line":16,"column":4},"end":{"line":16,"column":53}},"6":{"start":{"line":16,"column":24},"end":{"line":16,"column":53}},"7":{"start":{"line":17,"column":4},"end":{"line":17,"column":54}},"8":{"start":{"line":21,"column":4},"end":{"line":21,"column":53}},"9":{"start":{"line":21,"column":24},"end":{"line":21,"column":53}},"10":{"start":{"line":22,"column":22},"end":{"line":22,"column":64}},"11":{"start":{"line":23,"column":4},"end":{"line":24,"column":69}},"12":{"start":{"line":24,"column":6},"end":{"line":24,"column":69}},"13":{"start":{"line":25,"column":4},"end":{"line":25,"column":37}},"14":{"start":{"line":29,"column":4},"end":{"line":29,"column":36}},"15":{"start":{"line":33,"column":4},"end":{"line":33,"column":39}},"16":{"start":{"line":14,"column":0},"end":{"line":14,"column":13}}},"fnMap":{"0":{"name":"(anonymous_1)","decl":{"start":{"line":15,"column":2},"end":{"line":15,"column":8}},"loc":{"start":{"line":15,"column":42},"end":{"line":18,"column":3}}},"1":{"name":"(anonymous_2)","decl":{"start":{"line":20,"column":2},"end":{"line":20,"column":8}},"loc":{"start":{"line":20,"column":35},"end":{"line":26,"column":3}}},"2":{"name":"(anonymous_3)","decl":{"start":{"line":28,"column":2},"end":{"line":28,"column":8}},"loc":{"start":{"line":28,"column":27},"end":{"line":30,"column":3}}},"3":{"name":"(anonymous_4)","decl":{"start":{"line":32,"column":2},"end":{"line":32,"column":8}},"loc":{"start":{"line":32,"column":48},"end":{"line":34,"column":3}}}},"branchMap":{"0":{"loc":{"start":{"line":16,"column":4},"end":{"line":16,"column":53}},"type":"if","locations":[{"start":{"line":16,"column":4},"end":{"line":16,"column":53}}]},"1":{"loc":{"start":{"line":21,"column":4},"end":{"line":21,"column":53}},"type":"if","locations":[{"start":{"line":21,"column":4},"end":{"line":21,"column":53}}]},"2":{"loc":{"start":{"line":23,"column":4},"end":{"line":24,"column":69}},"type":"if","locations":[{"start":{"line":23,"column":4},"end":{"line":24,"column":69}}]}},"s":{"0":1,"1":1,"2":1,"3":1,"4":1,"5":0,"6":0,"7":0,"8":0,"9":0,"10":0,"11":0,"12":0,"13":0,"14":0,"15":0,"16":1},"f":{"0":0,"1":0,"2":0,"3":0},"b":{"0":[0],"1":[0],"2":[0]}}
}
