TN:
SF:src\controllers\members.controller.ts
FN:14,(anonymous_1)
FN:18,(anonymous_2)
FN:31,(anonymous_3)
FN:49,(anonymous_4)
FN:74,(anonymous_5)
FN:102,(anonymous_6)
FN:126,(anonymous_7)
FN:136,(anonymous_8)
FN:139,(anonymous_9)
FN:154,(anonymous_10)
FN:165,(anonymous_11)
FN:168,(anonymous_12)
FN:183,(anonymous_13)
FN:198,(anonymous_14)
FNF:14
FNH:14
FNDA:1,(anonymous_1)
FNDA:2,(anonymous_2)
FNDA:4,(anonymous_3)
FNDA:5,(anonymous_4)
FNDA:4,(anonymous_5)
FNDA:4,(anonymous_6)
FNDA:4,(anonymous_7)
FNDA:2,(anonymous_8)
FNDA:2,(anonymous_9)
FNDA:4,(anonymous_10)
FNDA:1,(anonymous_11)
FNDA:1,(anonymous_12)
FNDA:3,(anonymous_13)
FNDA:2,(anonymous_14)
DA:1,1
DA:4,1
DA:7,1
DA:8,1
DA:10,1
DA:12,1
DA:14,1
DA:15,1
DA:19,2
DA:20,2
DA:21,1
DA:23,1
DA:32,4
DA:33,4
DA:35,4
DA:36,3
DA:37,1
DA:38,1
DA:39,1
DA:40,1
DA:41,1
DA:42,1
DA:44,3
DA:45,3
DA:50,5
DA:51,5
DA:52,5
DA:53,5
DA:54,2
DA:55,3
DA:56,3
DA:57,1
DA:58,2
DA:59,1
DA:60,1
DA:65,1
DA:66,1
DA:67,1
DA:69,4
DA:70,4
DA:75,4
DA:76,4
DA:77,4
DA:78,2
DA:81,2
DA:83,2
DA:85,2
DA:86,1
DA:88,1
DA:90,1
DA:91,1
DA:92,1
DA:96,1
DA:98,3
DA:103,4
DA:104,4
DA:106,4
DA:107,2
DA:109,2
DA:110,2
DA:111,2
DA:112,1
DA:113,1
DA:114,1
DA:115,1
DA:116,1
DA:120,1
DA:122,3
DA:127,4
DA:128,4
DA:130,4
DA:131,2
DA:133,2
DA:134,2
DA:135,2
DA:136,2
DA:138,1
DA:139,2
DA:141,1
DA:142,1
DA:143,1
DA:144,1
DA:148,1
DA:150,3
DA:155,4
DA:156,4
DA:158,4
DA:159,2
DA:160,2
DA:161,2
DA:162,2
DA:163,2
DA:164,2
DA:165,1
DA:167,1
DA:168,1
DA:170,1
DA:171,1
DA:172,1
DA:173,1
DA:177,1
DA:179,3
DA:184,3
DA:185,3
DA:186,3
DA:187,1
DA:188,2
DA:189,2
DA:190,1
DA:191,1
DA:192,1
DA:194,2
DA:199,2
DA:200,2
DA:201,2
DA:202,1
DA:203,1
DA:204,1
DA:206,1
LF:119
LH:119
BRDA:35,0,0,3
BRDA:35,1,0,4
BRDA:35,1,1,3
BRDA:53,2,0,2
BRDA:53,3,0,5
BRDA:53,3,1,4
BRDA:56,4,0,1
BRDA:58,5,0,1
BRDA:77,6,0,2
BRDA:77,7,0,4
BRDA:77,7,1,3
BRDA:106,8,0,2
BRDA:106,9,0,4
BRDA:106,9,1,3
BRDA:130,10,0,2
BRDA:130,11,0,4
BRDA:130,11,1,3
BRDA:158,12,0,2
BRDA:158,13,0,4
BRDA:158,13,1,3
BRDA:186,14,0,1
BRDA:201,15,0,1
BRF:22
BRH:22
end_of_record
TN:
SF:src\db\db.connect.ts
FN:6,(anonymous_1)
FNF:1
FNH:0
FNDA:0,(anonymous_1)
DA:1,0
DA:2,0
DA:4,0
DA:6,0
DA:7,0
DA:8,0
LF:6
LH:0
BRF:0
BRH:0
end_of_record
TN:
SF:src\errors\http.error.ts
FN:7,(anonymous_0)
FNF:1
FNH:1
FNDA:17,(anonymous_0)
DA:6,2
DA:8,17
DA:9,17
DA:10,17
DA:11,17
DA:13,17
DA:14,17
DA:15,17
DA:16,17
LF:9
LH:9
BRF:0
BRH:0
end_of_record
TN:
SF:src\interceptors\interceptors.ts
FN:13,(anonymous_1)
FN:41,(anonymous_2)
FNF:2
FNH:0
FNDA:0,(anonymous_1)
FNDA:0,(anonymous_2)
DA:2,0
DA:3,0
DA:4,0
DA:6,0
DA:12,0
DA:14,0
DA:15,0
DA:17,0
DA:18,0
DA:19,0
DA:25,0
DA:26,0
DA:32,0
DA:33,0
DA:34,0
DA:35,0
DA:37,0
DA:46,0
DA:47,0
DA:48,0
DA:50,0
DA:52,0
DA:53,0
DA:54,0
DA:55,0
DA:57,0
LF:26
LH:0
BRDA:18,0,0,0
BRDA:25,1,0,0
BRDA:47,2,0,0
BRDA:50,3,0,0
BRDA:52,4,0,0
BRF:5
BRH:0
end_of_record
TN:
SF:src\repository\members.mongo.repo.ts
FN:12,(anonymous_1)
FN:16,(anonymous_2)
FN:22,(anonymous_3)
FN:34,(anonymous_4)
FN:44,(anonymous_5)
FN:59,(anonymous_6)
FN:71,(anonymous_7)
FN:72,(anonymous_8)
FN:73,(anonymous_9)
FN:86,(anonymous_10)
FN:93,(anonymous_11)
FN:110,(anonymous_12)
FNF:12
FNH:0
FNDA:0,(anonymous_1)
FNDA:0,(anonymous_2)
FNDA:0,(anonymous_3)
FNDA:0,(anonymous_4)
FNDA:0,(anonymous_5)
FNDA:0,(anonymous_6)
FNDA:0,(anonymous_7)
FNDA:0,(anonymous_8)
FNDA:0,(anonymous_9)
FNDA:0,(anonymous_10)
FNDA:0,(anonymous_11)
FNDA:0,(anonymous_12)
DA:3,0
DA:4,0
DA:5,0
DA:7,0
DA:9,0
DA:13,0
DA:17,0
DA:18,0
DA:19,0
DA:23,0
DA:30,0
DA:31,0
DA:35,0
DA:39,0
DA:41,0
DA:45,0
DA:52,0
DA:53,0
DA:55,0
DA:56,0
DA:60,0
DA:64,0
DA:65,0
DA:67,0
DA:68,0
DA:72,0
DA:73,0
DA:74,0
DA:82,0
DA:83,0
DA:87,0
DA:89,0
DA:90,0
DA:94,0
DA:99,0
DA:100,0
DA:106,0
DA:107,0
DA:111,0
DA:112,0
DA:113,0
LF:41
LH:0
BRDA:17,0,0,0
BRDA:52,1,0,0
BRDA:64,2,0,0
BRDA:99,3,0,0
BRDA:112,4,0,0
BRF:5
BRH:0
end_of_record
TN:
SF:src\services\auth.ts
FN:15,(anonymous_1)
FN:20,(anonymous_2)
FN:28,(anonymous_3)
FN:32,(anonymous_4)
FNF:4
FNH:0
FNDA:0,(anonymous_1)
FNDA:0,(anonymous_2)
FNDA:0,(anonymous_3)
FNDA:0,(anonymous_4)
DA:1,1
DA:2,1
DA:3,1
DA:4,1
DA:6,1
DA:14,1
DA:16,0
DA:17,0
DA:21,0
DA:22,0
DA:23,0
DA:24,0
DA:25,0
DA:29,0
DA:33,0
LF:15
LH:6
BRDA:16,0,0,0
BRDA:21,1,0,0
BRDA:23,2,0,0
BRF:3
BRH:0
end_of_record
